c:\users\jgrounds\source\repos\astar_algorithm\astar_algorithm\debug\astaralgorithm.mainpage.resources
c:\users\jgrounds\source\repos\astar_algorithm\astar_algorithm\debug\vc142.pdb
c:\users\jgrounds\source\repos\astar_algorithm\astar_algorithm\debug\.netframework,version=v4.6.1.assemblyattributes.obj
c:\users\jgrounds\source\repos\astar_algorithm\astar_algorithm\debug\tileimages.obj
c:\users\jgrounds\source\repos\astar_algorithm\astar_algorithm\debug\mainpage.obj
c:\users\jgrounds\source\repos\astar_algorithm\debug\astar_algorithm.exe
c:\users\jgrounds\source\repos\astar_algorithm\debug\astar_algorithm.pdb
c:\users\jgrounds\source\repos\astar_algorithm\astar_algorithm\debug\astar_algorithm.res
c:\users\jgrounds\source\repos\astar_algorithm\astar_algorithm\debug\astar_algorithm.tlog\astar_algorithm.write.1u.tlog
c:\users\jgrounds\source\repos\astar_algorithm\astar_algorithm\debug\astar_algorithm.tlog\cl.command.1.tlog
c:\users\jgrounds\source\repos\astar_algorithm\astar_algorithm\debug\astar_algorithm.tlog\cl.read.1.tlog
c:\users\jgrounds\source\repos\astar_algorithm\astar_algorithm\debug\astar_algorithm.tlog\cl.write.1.tlog
c:\users\jgrounds\source\repos\astar_algorithm\astar_algorithm\debug\astar_algorithm.tlog\link.command.1.tlog
c:\users\jgrounds\source\repos\astar_algorithm\astar_algorithm\debug\astar_algorithm.tlog\link.read.1.tlog
c:\users\jgrounds\source\repos\astar_algorithm\astar_algorithm\debug\astar_algorithm.tlog\link.write.1.tlog
c:\users\jgrounds\source\repos\astar_algorithm\astar_algorithm\debug\astar_algorithm.tlog\metagen.read.1.tlog
c:\users\jgrounds\source\repos\astar_algorithm\astar_algorithm\debug\astar_algorithm.tlog\metagen.write.1.tlog
c:\users\jgrounds\source\repos\astar_algorithm\astar_algorithm\debug\astar_algorithm.tlog\rc.command.1.tlog
c:\users\jgrounds\source\repos\astar_algorithm\astar_algorithm\debug\astar_algorithm.tlog\rc.read.1.tlog
c:\users\jgrounds\source\repos\astar_algorithm\astar_algorithm\debug\astar_algorithm.tlog\rc.write.1.tlog
